INFO 2026-06-11 15:00:46,434 collector 17060 17400 成功采集服务器 debian12-server 的信息
INFO 2026-06-11 15:01:13,326 collector 17060 17400 成功采集服务器 debian12-server 的信息
INFO 2026-06-11 15:01:43,953 collector 17060 17400 成功采集服务器 debian12-server 的信息
INFO 2026-06-11 15:02:16,570 collector 17060 17400 成功采集服务器 debian12-server 的信息
WARNING 2026-06-11 15:48:51,721 tasks 17124 2051019486272 采集失败: debian12-server
WARNING 2026-06-11 15:48:56,629 tasks 17124 2051019798720 采集失败: debian12-server
WARNING 2026-06-11 15:49:01,585 tasks 17124 2051019399744 采集失败: debian12-server
WARNING 2026-06-11 15:49:06,585 tasks 17124 2051019896448 采集失败: debian12-server
WARNING 2026-06-11 15:49:11,609 tasks 17124 2051019486272 采集失败: debian12-server
WARNING 2026-06-11 15:49:16,623 tasks 17124 2051019996352 采集失败: debian12-server
WARNING 2026-06-11 15:49:21,596 tasks 17124 2051019940480 采集失败: debian12-server
WARNING 2026-06-11 15:49:26,608 tasks 17124 2051019894528 采集失败: debian12-server
WARNING 2026-06-11 15:49:29,764 tasks 17124 2051020019456 采集失败: debian12-server
WARNING 2026-06-11 15:49:31,608 tasks 17124 2051020047488 采集失败: debian12-server
WARNING 2026-06-11 15:49:36,588 tasks 17124 2051019528832 采集失败: debian12-server
WARNING 2026-06-11 15:49:41,592 tasks 17124 2051020051648 采集失败: debian12-server
WARNING 2026-06-11 15:49:46,620 tasks 17124 2051019882560 采集失败: debian12-server
WARNING 2026-06-11 15:49:51,701 tasks 17124 2051020097792 采集失败: debian12-server
WARNING 2026-06-11 15:49:56,648 tasks 17124 2051020124928 采集失败: debian12-server
WARNING 2026-06-11 15:50:01,609 tasks 17124 2051020246016 采集失败: debian12-server
WARNING 2026-06-11 15:50:06,602 tasks 17124 2051020098432 采集失败: debian12-server
WARNING 2026-06-11 15:50:11,608 tasks 17124 2051019211072 采集失败: debian12-server
WARNING 2026-06-11 15:50:16,615 tasks 17124 2051020346752 采集失败: debian12-server
WARNING 2026-06-11 15:50:21,615 tasks 17124 2051020177472 采集失败: debian12-server
WARNING 2026-06-11 15:50:26,594 tasks 17124 2051020215360 采集失败: debian12-server
WARNING 2026-06-11 15:50:31,623 tasks 17124 2051020604928 采集失败: debian12-server
WARNING 2026-06-11 15:50:36,602 tasks 17124 2051020700288 采集失败: debian12-server
WARNING 2026-06-11 15:50:41,588 tasks 17124 2051020307328 采集失败: debian12-server
WARNING 2026-06-11 15:50:46,624 tasks 17124 2051020629184 采集失败: debian12-server
WARNING 2026-06-11 15:50:51,618 tasks 17124 2051020246912 采集失败: debian12-server
WARNING 2026-06-11 15:50:56,614 tasks 17124 2051020211712 采集失败: debian12-server
WARNING 2026-06-11 15:51:01,640 tasks 17124 2051020793216 采集失败: debian12-server
WARNING 2026-06-11 15:51:06,614 tasks 17124 2051019500352 采集失败: debian12-server
WARNING 2026-06-11 15:51:11,598 tasks 17124 2051020796416 采集失败: debian12-server
WARNING 2026-06-11 15:51:16,642 tasks 17124 2051019883008 采集失败: debian12-server
WARNING 2026-06-11 15:51:21,640 tasks 17124 2051019402112 采集失败: debian12-server
WARNING 2026-06-11 15:51:26,637 tasks 17124 2051019487232 采集失败: debian12-server
WARNING 2026-06-11 15:51:31,590 tasks 17124 2051020105344 采集失败: debian12-server
WARNING 2026-06-11 15:51:36,607 tasks 17124 2051020087488 采集失败: debian12-server
WARNING 2026-06-11 15:51:41,607 tasks 17124 2051019498048 采集失败: debian12-server
WARNING 2026-06-11 15:51:46,625 tasks 17124 2051020106112 采集失败: debian12-server
WARNING 2026-06-11 15:51:51,617 tasks 17124 2051020732800 采集失败: debian12-server
WARNING 2026-06-11 15:51:56,630 tasks 17124 2051019798848 采集失败: debian12-server
WARNING 2026-06-11 15:52:01,673 tasks 17124 2051020188992 采集失败: debian12-server
WARNING 2026-06-11 15:52:06,656 tasks 17124 2051020214720 采集失败: debian12-server
WARNING 2026-06-11 15:52:11,614 tasks 17124 2051020085504 采集失败: debian12-server
WARNING 2026-06-11 15:52:16,605 tasks 17124 2051020278720 采集失败: debian12-server
WARNING 2026-06-11 15:52:21,641 tasks 17124 2051020845248 采集失败: debian12-server
WARNING 2026-06-11 15:52:26,618 tasks 17124 2051020345216 采集失败: debian12-server
WARNING 2026-06-11 15:52:31,652 tasks 17124 2051019987136 采集失败: debian12-server
WARNING 2026-06-11 15:52:36,624 tasks 17124 2051020946240 采集失败: debian12-server
WARNING 2026-06-11 15:52:41,604 tasks 17124 2051020276544 采集失败: debian12-server
WARNING 2026-06-11 15:52:46,620 tasks 17124 2051020835840 采集失败: debian12-server
WARNING 2026-06-11 15:52:51,656 tasks 17124 2051021014784 采集失败: debian12-server
WARNING 2026-06-11 15:52:56,603 tasks 17124 2051020258688 采集失败: debian12-server
WARNING 2026-06-11 15:53:01,614 tasks 17124 2051021013696 采集失败: debian12-server
WARNING 2026-06-11 15:53:06,623 tasks 17124 2051020276288 采集失败: debian12-server
WARNING 2026-06-11 15:53:11,637 tasks 17124 2051020932032 采集失败: debian12-server
WARNING 2026-06-11 15:53:16,608 tasks 17124 2051019948608 采集失败: debian12-server
WARNING 2026-06-11 15:53:21,624 tasks 17124 2051019893824 采集失败: debian12-server
WARNING 2026-06-11 15:53:26,631 tasks 17124 2051020258112 采集失败: debian12-server
WARNING 2026-06-11 15:53:31,663 tasks 17124 2051020968000 采集失败: debian12-server
WARNING 2026-06-11 15:53:36,615 tasks 17124 2051020277312 采集失败: debian12-server
WARNING 2026-06-11 15:53:41,607 tasks 17124 2051020278400 采集失败: debian12-server
WARNING 2026-06-11 15:53:46,670 tasks 17124 2051020923648 采集失败: debian12-server
WARNING 2026-06-11 15:53:51,630 tasks 17124 2051020243776 采集失败: debian12-server
WARNING 2026-06-11 15:53:56,648 tasks 17124 2051020916480 采集失败: debian12-server
WARNING 2026-06-11 15:54:01,622 tasks 17124 2051020872640 采集失败: debian12-server
WARNING 2026-06-11 15:54:06,618 tasks 17124 2051019949888 采集失败: debian12-server
WARNING 2026-06-11 15:54:11,634 tasks 17124 2051019964736 采集失败: debian12-server
WARNING 2026-06-11 15:54:16,622 tasks 17124 2051019962688 采集失败: debian12-server
WARNING 2026-06-11 15:54:21,646 tasks 17124 2051020288832 采集失败: debian12-server
WARNING 2026-06-11 15:54:26,661 tasks 17124 2051019790656 采集失败: debian12-server
WARNING 2026-06-11 15:54:31,625 tasks 17124 2051019951552 采集失败: debian12-server
WARNING 2026-06-11 15:54:36,646 tasks 17124 2051020847104 采集失败: debian12-server
WARNING 2026-06-11 15:54:41,630 tasks 17124 2051020606336 采集失败: debian12-server
WARNING 2026-06-11 15:54:46,621 tasks 17124 2051020306496 采集失败: debian12-server
WARNING 2026-06-11 15:54:51,630 tasks 17124 2051019532544 采集失败: debian12-server
WARNING 2026-06-11 15:54:56,629 tasks 17124 2051020298304 采集失败: debian12-server
WARNING 2026-06-11 15:55:01,622 tasks 17124 2051019395328 采集失败: debian12-server
WARNING 2026-06-11 15:55:06,688 tasks 17124 2051019698880 采集失败: debian12-server
WARNING 2026-06-11 15:55:11,617 tasks 17124 2051020258816 采集失败: debian12-server
WARNING 2026-06-11 15:55:16,620 tasks 17124 2051020731456 采集失败: debian12-server
WARNING 2026-06-11 15:55:21,652 tasks 17124 2051020630016 采集失败: debian12-server
WARNING 2026-06-11 15:55:26,659 tasks 17124 2051020305792 采集失败: debian12-server
WARNING 2026-06-11 15:55:31,633 tasks 17124 2051020620032 采集失败: debian12-server
WARNING 2026-06-11 15:55:36,637 tasks 17124 2051020296384 采集失败: debian12-server
WARNING 2026-06-11 15:55:41,672 tasks 17124 2051020833728 采集失败: debian12-server
WARNING 2026-06-11 15:55:46,624 tasks 17124 2051020623424 采集失败: debian12-server
WARNING 2026-06-11 15:55:51,628 tasks 17124 2051020289088 采集失败: debian12-server
WARNING 2026-06-11 15:55:56,655 tasks 17124 2051020245824 采集失败: debian12-server
WARNING 2026-06-11 15:56:01,655 tasks 17124 2051020964416 采集失败: debian12-server
WARNING 2026-06-11 15:56:06,672 tasks 17124 2051020732736 采集失败: debian12-server
WARNING 2026-06-11 15:56:11,663 tasks 17124 2051019964480 采集失败: debian12-server
WARNING 2026-06-11 15:56:16,648 tasks 17124 2051019534208 采集失败: debian12-server
WARNING 2026-06-11 15:56:21,632 tasks 17124 2051020226368 采集失败: debian12-server
WARNING 2026-06-11 15:56:26,659 tasks 17124 2051020357376 采集失败: debian12-server
WARNING 2026-06-11 15:56:31,655 tasks 17124 2051020226368 采集失败: debian12-server
WARNING 2026-06-11 15:56:36,654 tasks 17124 2051021042304 采集失败: debian12-server
WARNING 2026-06-11 15:56:41,659 tasks 17124 2051020934464 采集失败: debian12-server
WARNING 2026-06-11 15:56:46,650 tasks 17124 2051020634752 采集失败: debian12-server
WARNING 2026-06-11 15:56:51,635 tasks 17124 2051019700480 采集失败: debian12-server
WARNING 2026-06-11 15:56:56,647 tasks 17124 2051019488960 采集失败: debian12-server
WARNING 2026-06-11 15:57:01,623 tasks 17124 2051019686272 采集失败: debian12-server
WARNING 2026-06-11 15:57:06,650 tasks 17124 2051019393792 采集失败: debian12-server
WARNING 2026-06-11 15:57:11,662 tasks 17124 2051019968512 采集失败: debian12-server
WARNING 2026-06-11 15:57:16,662 tasks 17124 2051019485376 采集失败: debian12-server
WARNING 2026-06-11 15:57:21,651 tasks 17124 2051019969280 采集失败: debian12-server
WARNING 2026-06-11 15:58:51,712 tasks 19360 2329435853696 采集失败: debian12-server
WARNING 2026-06-11 15:59:22,799 tasks 18860 14628 采集失败: debian12-server
WARNING 2026-06-11 16:01:33,744 tasks 17624 3096287460864 采集失败: debian12-server
WARNING 2026-06-11 16:01:33,746 tasks 17624 3096287343744 采集失败: debian12-server
WARNING 2026-06-11 16:01:33,747 tasks 17624 3096287979264 采集失败: debian12-server
WARNING 2026-06-11 16:01:33,796 tasks 17624 3096287788544 采集失败: debian12-server
WARNING 2026-06-11 16:01:33,797 tasks 17624 3096287789248 采集失败: debian12-server
WARNING 2026-06-11 16:01:34,814 tasks 17624 3096287461440 采集失败: debian12-server
WARNING 2026-06-11 16:01:34,815 tasks 17624 3096288024576 采集失败: debian12-server
WARNING 2026-06-11 16:01:37,688 tasks 17624 3096287461440 采集失败: debian12-server
WARNING 2026-06-11 16:01:43,755 tasks 17624 3096287968320 采集失败: debian12-server
WARNING 2026-06-11 16:01:48,727 tasks 17624 3096287853632 采集失败: debian12-server
WARNING 2026-06-11 16:01:53,769 tasks 17624 3096288231808 采集失败: debian12-server
WARNING 2026-06-11 16:01:57,695 tasks 17624 3096289561920 采集失败: debian12-server
WARNING 2026-06-11 16:02:03,736 tasks 17624 3096289588736 采集失败: debian12-server
WARNING 2026-06-11 16:02:07,695 tasks 17624 3096289562624 采集失败: debian12-server
WARNING 2026-06-11 16:02:13,744 tasks 17624 3096289761728 采集失败: debian12-server
WARNING 2026-06-11 16:02:18,747 tasks 17624 3096289809792 采集失败: debian12-server
WARNING 2026-06-11 16:02:23,715 tasks 17624 3096289574528 采集失败: debian12-server
WARNING 2026-06-11 16:02:27,679 tasks 17624 3096289752512 采集失败: debian12-server
WARNING 2026-06-11 16:02:32,691 tasks 17624 3096289604800 采集失败: debian12-server
WARNING 2026-06-11 16:02:37,678 tasks 17624 3096289799424 采集失败: debian12-server
WARNING 2026-06-11 16:02:42,707 tasks 17624 3096288169472 采集失败: debian12-server
WARNING 2026-06-11 16:02:48,726 tasks 17624 3096289790912 采集失败: debian12-server
WARNING 2026-06-11 16:02:53,746 tasks 17624 3096287800576 采集失败: debian12-server
WARNING 2026-06-11 16:02:58,752 tasks 17624 3096289690880 采集失败: debian12-server
WARNING 2026-06-11 16:03:02,679 tasks 17624 3096289698048 采集失败: debian12-server
WARNING 2026-06-11 16:03:08,759 tasks 17624 3096289482816 采集失败: debian12-server
WARNING 2026-06-11 16:03:13,762 tasks 17624 3096289807168 采集失败: debian12-server
WARNING 2026-06-11 16:03:18,719 tasks 17624 3096289480256 采集失败: debian12-server
WARNING 2026-06-11 16:03:23,757 tasks 17624 3096287782208 采集失败: debian12-server
WARNING 2026-06-11 16:03:27,698 tasks 17624 3096289622528 采集失败: debian12-server
WARNING 2026-06-11 16:03:33,740 tasks 17624 3096289947648 采集失败: debian12-server
WARNING 2026-06-11 16:03:37,690 tasks 17624 3096290057472 采集失败: debian12-server
WARNING 2026-06-11 16:03:43,765 tasks 17624 3096289792384 采集失败: debian12-server
WARNING 2026-06-11 16:03:47,714 tasks 17624 3096289962752 采集失败: debian12-server
WARNING 2026-06-11 16:03:52,705 tasks 17624 3096289950080 采集失败: debian12-server
WARNING 2026-06-11 16:03:58,764 tasks 17624 3096273086080 采集失败: debian12-server
WARNING 2026-06-11 16:04:03,749 tasks 17624 3096288132864 采集失败: debian12-server
WARNING 2026-06-11 16:04:08,729 tasks 17624 3096273076480 采集失败: debian12-server
WARNING 2026-06-11 16:04:13,761 tasks 17624 3096289598464 采集失败: debian12-server
WARNING 2026-06-11 16:04:17,684 tasks 17624 3096287789504 采集失败: debian12-server
WARNING 2026-06-11 16:04:22,689 tasks 17624 3096288026304 采集失败: debian12-server
WARNING 2026-06-11 16:04:28,761 tasks 17624 3096289967808 采集失败: debian12-server
WARNING 2026-06-11 16:04:33,748 tasks 17624 3096290063616 采集失败: debian12-server
WARNING 2026-06-11 16:04:37,724 tasks 17624 3096287427328 采集失败: debian12-server
WARNING 2026-06-11 16:04:43,748 tasks 17624 3096289862848 采集失败: debian12-server
WARNING 2026-06-11 16:04:48,748 tasks 17624 3096289943616 采集失败: debian12-server
WARNING 2026-06-11 16:04:52,767 tasks 17624 3096289795072 采集失败: debian12-server
WARNING 2026-06-11 16:04:57,705 tasks 17624 3096287786176 采集失败: debian12-server
WARNING 2026-06-11 16:05:03,768 tasks 17624 3096290083520 采集失败: debian12-server
WARNING 2026-06-11 16:05:08,768 tasks 17624 3096289754176 采集失败: debian12-server
WARNING 2026-06-11 16:05:13,743 tasks 17624 3096289690048 采集失败: debian12-server
WARNING 2026-06-11 16:05:18,744 tasks 17624 3096289766720 采集失败: debian12-server
WARNING 2026-06-11 16:05:23,778 tasks 17624 3096287460032 采集失败: debian12-server
WARNING 2026-06-11 16:05:28,730 tasks 17624 3096287886848 采集失败: debian12-server
WARNING 2026-06-11 16:05:32,707 tasks 17624 3096289558272 采集失败: debian12-server
WARNING 2026-06-11 16:05:38,768 tasks 17624 3096289571840 采集失败: debian12-server
WARNING 2026-06-11 16:05:42,746 tasks 17624 3096288310144 采集失败: debian12-server
WARNING 2026-06-11 16:05:48,770 tasks 17624 3096289751616 采集失败: debian12-server
WARNING 2026-06-11 16:05:52,723 tasks 17624 3096290097408 采集失败: debian12-server
WARNING 2026-06-11 16:05:57,762 tasks 17624 3096288027840 采集失败: debian12-server
WARNING 2026-06-11 16:06:03,746 tasks 17624 3096288208640 采集失败: debian12-server
WARNING 2026-06-11 16:06:08,757 tasks 17624 3096287938496 采集失败: debian12-server
WARNING 2026-06-11 16:06:12,722 tasks 17624 3096290103104 采集失败: debian12-server
WARNING 2026-06-11 16:06:18,769 tasks 17624 3096289591488 采集失败: debian12-server
WARNING 2026-06-11 16:06:23,774 tasks 17624 3096290145216 采集失败: debian12-server
WARNING 2026-06-11 16:06:28,802 tasks 17624 3096289477504 采集失败: debian12-server
WARNING 2026-06-11 16:06:32,702 tasks 17624 3096288199744 采集失败: debian12-server
WARNING 2026-06-11 16:06:37,725 tasks 17624 3096290133760 采集失败: debian12-server
WARNING 2026-06-11 16:06:43,769 tasks 17624 3096290255616 采集失败: debian12-server
WARNING 2026-06-11 16:06:48,769 tasks 17624 3096287798400 采集失败: debian12-server
WARNING 2026-06-11 16:06:53,760 tasks 17624 3096288240064 采集失败: debian12-server
WARNING 2026-06-11 16:06:58,793 tasks 17624 3096289601728 采集失败: debian12-server
WARNING 2026-06-11 16:07:03,803 tasks 17624 3096290327936 采集失败: debian12-server
WARNING 2026-06-11 16:07:07,724 tasks 17624 3096289955584 采集失败: debian12-server
WARNING 2026-06-11 16:07:13,789 tasks 17624 3096289616960 采集失败: debian12-server
WARNING 2026-06-11 16:07:18,782 tasks 17624 3096290328320 采集失败: debian12-server
WARNING 2026-06-11 16:07:23,765 tasks 17624 3096289542272 采集失败: debian12-server
WARNING 2026-06-11 16:07:27,720 tasks 17624 3096289703680 采集失败: debian12-server
WARNING 2026-06-11 16:07:33,768 tasks 17624 3096287840128 采集失败: debian12-server
WARNING 2026-06-11 16:07:38,769 tasks 17624 3096288234048 采集失败: debian12-server
WARNING 2026-06-11 16:07:42,811 tasks 17624 3096289548032 采集失败: debian12-server
WARNING 2026-06-11 16:07:48,803 tasks 17624 3096289861504 采集失败: debian12-server
WARNING 2026-06-11 16:07:53,816 tasks 17624 3096289695680 采集失败: debian12-server
WARNING 2026-06-11 16:07:57,751 tasks 17624 3096235711040 采集失败: debian12-server
WARNING 2026-06-11 16:08:03,771 tasks 17624 3096290334272 采集失败: debian12-server
WARNING 2026-06-11 16:08:08,767 tasks 17624 3096289748288 采集失败: debian12-server
WARNING 2026-06-11 16:08:13,752 tasks 17624 3096289699456 采集失败: debian12-server
WARNING 2026-06-11 16:08:17,724 tasks 17624 3096289748288 采集失败: debian12-server
WARNING 2026-06-11 16:08:23,772 tasks 17624 3096290343552 采集失败: debian12-server
WARNING 2026-06-11 16:08:28,770 tasks 17624 3096290058112 采集失败: debian12-server
WARNING 2026-06-11 16:08:33,763 tasks 17624 3096289705728 采集失败: debian12-server
WARNING 2026-06-11 16:08:37,720 tasks 17624 3096287465216 采集失败: debian12-server
WARNING 2026-06-11 16:08:43,790 tasks 17624 3096286723840 采集失败: debian12-server
WARNING 2026-06-11 16:08:47,730 tasks 17624 3096289947392 采集失败: debian12-server
WARNING 2026-06-11 16:08:52,746 tasks 17624 3096286790400 采集失败: debian12-server
WARNING 2026-06-11 16:08:58,791 tasks 17624 3096287425472 采集失败: debian12-server
WARNING 2026-06-11 16:09:02,723 tasks 17624 3096288125184 采集失败: debian12-server
WARNING 2026-06-11 16:09:07,709 tasks 17624 3096289699904 采集失败: debian12-server
WARNING 2026-06-11 16:09:13,774 tasks 17624 3096287569920 采集失败: debian12-server
WARNING 2026-06-11 16:09:18,798 tasks 17624 3096287721472 采集失败: debian12-server
WARNING 2026-06-11 16:09:22,738 tasks 17624 3096289701568 采集失败: debian12-server
WARNING 2026-06-11 16:09:27,742 tasks 17624 3096289941312 采集失败: debian12-server
WARNING 2026-06-11 16:09:32,745 tasks 17624 3096287416960 采集失败: debian12-server
WARNING 2026-06-11 16:09:38,803 tasks 17624 3096288078848 采集失败: debian12-server
WARNING 2026-06-11 16:09:43,773 tasks 17624 3096289604032 采集失败: debian12-server
WARNING 2026-06-11 16:09:48,798 tasks 17624 3096289613888 采集失败: debian12-server
WARNING 2026-06-11 16:09:53,826 tasks 17624 3096288117888 采集失败: debian12-server
WARNING 2026-06-11 16:09:57,734 tasks 17624 3096290390464 采集失败: debian12-server
WARNING 2026-06-11 16:10:03,765 tasks 17624 3096287453120 采集失败: debian12-server
WARNING 2026-06-11 16:10:08,837 tasks 17624 3096287060672 采集失败: debian12-server
WARNING 2026-06-11 16:10:12,757 tasks 17624 3096287445632 采集失败: debian12-server
WARNING 2026-06-11 16:10:17,744 tasks 17624 3096287165056 采集失败: debian12-server
WARNING 2026-06-11 16:10:22,724 tasks 17624 3096287839616 采集失败: debian12-server
WARNING 2026-06-11 16:10:28,812 tasks 17624 3096289612032 采集失败: debian12-server
WARNING 2026-06-11 16:10:33,796 tasks 17624 3096287061312 采集失败: debian12-server
WARNING 2026-06-11 16:10:38,797 tasks 17624 3096288083904 采集失败: debian12-server
WARNING 2026-06-11 16:10:43,829 tasks 17624 3096287487488 采集失败: debian12-server
WARNING 2026-06-11 16:10:48,792 tasks 17624 3096290329664 采集失败: debian12-server
WARNING 2026-06-11 16:10:52,775 tasks 17624 3096287846336 采集失败: debian12-server
WARNING 2026-06-11 16:10:58,796 tasks 17624 3096289861056 采集失败: debian12-server
WARNING 2026-06-11 16:11:03,812 tasks 17624 3096287794368 采集失败: debian12-server
WARNING 2026-06-11 16:11:08,783 tasks 17624 3096290325760 采集失败: debian12-server
WARNING 2026-06-11 16:11:12,748 tasks 17624 3096287497984 采集失败: debian12-server
WARNING 2026-06-11 16:11:18,804 tasks 17624 3096287709440 采集失败: debian12-server
WARNING 2026-06-11 16:11:23,787 tasks 17624 3096287426624 采集失败: debian12-server
WARNING 2026-06-11 16:11:28,847 tasks 17624 3096287773440 采集失败: debian12-server
WARNING 2026-06-11 16:11:33,803 tasks 17624 3096290328320 采集失败: debian12-server
WARNING 2026-06-11 16:11:38,806 tasks 17624 3096288025792 采集失败: debian12-server
WARNING 2026-06-11 16:11:43,814 tasks 17624 3096234819904 采集失败: debian12-server
WARNING 2026-06-11 16:11:48,812 tasks 17624 3096287162560 采集失败: debian12-server
WARNING 2026-06-11 16:11:53,823 tasks 17624 3096289807552 采集失败: debian12-server
WARNING 2026-06-11 16:11:58,822 tasks 17624 3096287417920 采集失败: debian12-server
WARNING 2026-06-11 16:12:02,770 tasks 17624 3096287852096 采集失败: debian12-server
WARNING 2026-06-11 16:12:07,830 tasks 17624 3096287871424 采集失败: debian12-server
WARNING 2026-06-11 16:12:13,830 tasks 17624 3096288240000 采集失败: debian12-server
WARNING 2026-06-11 16:12:18,826 tasks 17624 3096287789568 采集失败: debian12-server
WARNING 2026-06-11 16:12:23,809 tasks 17624 3096290063040 采集失败: debian12-server
WARNING 2026-06-11 16:12:27,766 tasks 17624 3096289764160 采集失败: debian12-server
WARNING 2026-06-11 16:12:32,750 tasks 17624 3096289874368 采集失败: debian12-server
WARNING 2026-06-11 16:12:37,808 tasks 17624 3096289820096 采集失败: debian12-server
WARNING 2026-06-11 16:12:43,805 tasks 17624 3096289705728 采集失败: debian12-server
WARNING 2026-06-11 16:12:48,805 tasks 17624 3096273089408 采集失败: debian12-server
WARNING 2026-06-11 16:12:53,825 tasks 17624 3096287938432 采集失败: debian12-server
WARNING 2026-06-11 16:12:57,780 tasks 17624 3096289875520 采集失败: debian12-server
INFO 2026-06-11 16:23:41,775 collector 15476 17424 成功采集服务器 debian12-server 的信息
INFO 2026-06-11 17:36:16,064 collector 17460 16460 成功采集服务器 debian12-server-2 的信息
ERROR 2026-06-11 22:37:39,739 collector 15520 17040 连接服务器 192.168.1.12 失败: timed out
ERROR 2026-06-11 22:43:52,765 collector 19428 18884 连接服务器 192.168.1.12 失败: timed out
ERROR 2026-06-15 14:42:17,678 collector 2768 16956 连接服务器 192.168.1.14 失败: timed out
ERROR 2026-06-15 14:42:21,275 collector 2768 3364 连接服务器 192.168.1.14 失败: timed out
ERROR 2026-06-15 14:42:33,495 collector 2768 3364 连接服务器 192.168.1.14 失败: timed out
ERROR 2026-06-15 14:42:34,202 collector 2768 16956 连接服务器 192.168.1.12 失败: timed out
ERROR 2026-06-15 14:42:52,146 collector 2768 16956 连接服务器 192.168.1.14 失败: timed out
ERROR 2026-06-15 14:47:44,991 collector 2768 16956 连接服务器 192.168.1.14 失败: timed out
ERROR 2026-06-15 14:48:10,815 collector 2768 16956 连接服务器 192.168.1.14 失败: timed out
ERROR 2026-06-15 14:48:10,962 collector 2768 1472 连接服务器 192.168.1.14 失败: timed out
ERROR 2026-06-15 14:48:11,125 collector 2768 20964 连接服务器 192.168.1.14 失败: timed out
ERROR 2026-06-15 14:48:11,283 collector 2768 8168 连接服务器 192.168.1.14 失败: timed out
ERROR 2026-06-15 14:48:11,430 collector 2768 8408 连接服务器 192.168.1.14 失败: timed out
ERROR 2026-06-15 14:48:11,577 collector 2768 21316 连接服务器 192.168.1.14 失败: timed out
ERROR 2026-06-15 14:48:20,832 collector 2768 16956 连接服务器 192.168.1.14 失败: timed out
ERROR 2026-06-15 14:48:20,984 collector 2768 1472 连接服务器 192.168.1.14 失败: timed out
ERROR 2026-06-15 14:48:21,141 collector 2768 20964 连接服务器 192.168.1.14 失败: timed out
ERROR 2026-06-15 14:48:21,298 collector 2768 8168 连接服务器 192.168.1.14 失败: timed out
ERROR 2026-06-15 14:48:21,457 collector 2768 8408 连接服务器 192.168.1.14 失败: timed out
ERROR 2026-06-15 14:48:21,594 collector 2768 21316 连接服务器 192.168.1.14 失败: timed out
ERROR 2026-06-15 15:08:50,337 collector 6204 17984 连接服务器 192.168.1.14 失败: timed out
ERROR 2026-06-15 15:08:51,031 collector 6204 1564 连接服务器 192.168.1.12 失败: timed out
ERROR 2026-06-15 15:08:51,510 collector 6204 17244 连接服务器 192.168.1.14 失败: timed out
ERROR 2026-06-15 15:08:52,153 collector 6204 13036 连接服务器 192.168.1.12 失败: timed out
ERROR 2026-06-15 15:08:52,521 collector 6204 16928 连接服务器 192.168.1.14 失败: timed out
ERROR 2026-06-15 15:10:36,156 collector 6204 17244 连接服务器 192.168.1.12 失败: timed out
INFO 2026-06-15 15:11:25,532 collector 6204 16928 成功采集服务器 ceph1 的信息
INFO 2026-06-15 15:11:43,521 email_alert 6204 16928 告警邮件发送成功: [告警] 服务器 ceph1 基线检查不通过
INFO 2026-06-15 15:18:14,381 collector 6204 1780 成功采集服务器 ceph1 的信息
INFO 2026-06-15 15:29:40,481 email_alert 13560 2303956899456 告警邮件发送成功: [告警] 服务器 ceph1 CPU使用率过高
INFO 2026-06-15 15:29:43,774 email_alert 13560 2303956895232 告警邮件发送成功: [恢复] 服务器 ceph1 CPU使用率已恢复正常
INFO 2026-06-15 15:29:58,150 collector 14876 22656 成功采集服务器 ceph1 的信息
INFO 2026-06-15 15:29:59,154 email_alert 13560 2303957641024 告警邮件发送成功: [告警] 服务器 ceph1 CPU使用率过高
INFO 2026-06-15 15:30:03,874 email_alert 13560 2303957643264 告警邮件发送成功: [恢复] 服务器 ceph1 CPU使用率已恢复正常
INFO 2026-06-15 15:30:13,950 email_alert 13560 2303956876480 告警邮件发送成功: [告警] 服务器 ceph1 CPU使用率过高
INFO 2026-06-15 15:30:24,028 email_alert 13560 2303958131456 告警邮件发送成功: [恢复] 服务器 ceph1 CPU使用率已恢复正常
INFO 2026-06-15 15:30:28,763 email_alert 13560 2303958176640 告警邮件发送成功: [告警] 服务器 ceph1 CPU使用率过高
INFO 2026-06-15 15:30:33,721 email_alert 13560 2303958173888 告警邮件发送成功: [恢复] 服务器 ceph1 CPU使用率已恢复正常
INFO 2026-06-15 15:31:05,196 email_alert 13560 2303958184320 告警邮件发送成功: [告警] 服务器 ceph1 CPU使用率过高
INFO 2026-06-15 15:31:30,465 email_alert 13560 2303957080384 告警邮件发送成功: [恢复] 服务器 ceph1 CPU使用率已恢复正常
INFO 2026-06-15 15:31:34,718 email_alert 13560 2303958329408 告警邮件发送成功: [告警] 服务器 ceph1 CPU使用率过高
INFO 2026-06-15 15:31:44,483 email_alert 13560 2303957377024 告警邮件发送成功: [恢复] 服务器 ceph1 CPU使用率已恢复正常
INFO 2026-06-15 15:32:04,553 email_alert 13560 2303958091072 告警邮件发送成功: [告警] 服务器 ceph1 CPU使用率过高
INFO 2026-06-15 15:32:10,026 email_alert 13560 2303957542016 告警邮件发送成功: [恢复] 服务器 ceph1 CPU使用率已恢复正常
INFO 2026-06-15 15:33:00,281 email_alert 13560 2303958271744 告警邮件发送成功: [告警] 服务器 ceph1 CPU使用率过高
INFO 2026-06-15 15:33:04,533 email_alert 13560 2303958408128 告警邮件发送成功: [恢复] 服务器 ceph1 CPU使用率已恢复正常
